<?xml version="1.0" encoding="UTF-8"?>
<testsuite xmlns:xsi="http://www.w3.org/2001/XMLSchema-instance" xsi:noNamespaceSchemaLocation="https://maven.apache.org/surefire/maven-surefire-plugin/xsd/surefire-test-report-3.0.xsd" version="3.0" name="com.chatflow.server.ChatFlowServerApplicationTest" time="2.033" tests="1" errors="0" skipped="0" failures="0">
  <properties>
[...]
</properties>
  <testcase name="contextLoads" classname="com.chatflow.server.ChatFlowServerApplicationTest" time="0.478">
    <system-out><![CDATA[14:23:14.481 [main] INFO org.springframework.test.context.support.AnnotationConfigContextLoaderUtils -- Could not detect default configuration classes for test class [com.chatflow.server.ChatFlowServerApplicationTest]: ChatFlowServerApplicationTest does not declare any static, non-private, non-final, nested classes annotated with @Configuration.
14:23:14.554 [main] INFO org.springframework.boot.test.context.SpringBootTestContextBootstrapper -- Found @SpringBootConfiguration com.chatflow.server.ChatFlowServerApplication for test class com.chatflow.server.ChatFlowServerApplicationTest

  .   ____          _            __ _ _
 /\\ / ___'_ __ _ _(_)_ __  __ _ \ \ \ \
( ( )\___ | '_ | '_| | '_ \/ _` | \ \ \ \
 \\/  ___)| |_)| | | | | || (_| |  ) ) ) )
  '  |____| .__|_| |_|_| |_\__, | / / / /
 =========|_|==============|___/=/_/_/_/
 :: Spring Boot ::                (v3.2.2)

2026-02-09T14:23:14.825-08:00  INFO 11484 --- [           main] c.c.s.ChatFlowServerApplicationTest      : Starting ChatFlowServerApplicationTest using Java 21.0.4 with PID 11484 (started by jiazh in D:\NEU\2026Spring\6650DistributedSystem\6650-ChatFlow\server)
2026-02-09T14:23:14.826-08:00  INFO 11484 --- [           main] c.c.s.ChatFlowServerApplicationTest      : No active profile set, falling back to 1 default profile: "default"
2026-02-09T14:23:15.534-08:00  INFO 11484 --- [           main] o.s.b.w.embedded.tomcat.TomcatWebServer  : Tomcat initialized with port 0 (http)
2026-02-09T14:23:15.543-08:00  INFO 11484 --- [           main] o.apache.catalina.core.StandardService   : Starting service [Tomcat]
2026-02-09T14:23:15.543-08:00  INFO 11484 --- [           main] o.apache.catalina.core.StandardEngine    : Starting Servlet engine: [Apache Tomcat/10.1.18]
2026-02-09T14:23:15.586-08:00  INFO 11484 --- [           main] o.a.c.c.C.[Tomcat].[localhost].[/]       : Initializing Spring embedded WebApplicationContext
2026-02-09T14:23:15.587-08:00  INFO 11484 --- [           main] w.s.c.ServletWebServerApplicationContext : Root WebApplicationContext: initialization completed in 746 ms
2026-02-09T14:23:15.894-08:00  INFO 11484 --- [           main] o.s.b.w.embedded.tomcat.TomcatWebServer  : Tomcat started on port 54958 (http) with context path ''
2026-02-09T14:23:15.899-08:00  INFO 11484 --- [           main] c.c.s.ChatFlowServerApplicationTest      : Started ChatFlowServerApplicationTest in 1.245 seconds (process running for 1.894)
]]></system-out>
    <system-err><![CDATA[WARNING: A Java agent has been loaded dynamically (C:\Users\jiazh\.m2\repository\net\bytebuddy\byte-buddy-agent\1.14.11\byte-buddy-agent-1.14.11.jar)
WARNING: If a serviceability tool is in use, please run with -XX:+EnableDynamicAgentLoading to hide this warning
WARNING: If a serviceability tool is not in use, please run with -Djdk.instrument.traceUsage for more information
WARNING: Dynamic loading of agents will be disallowed by default in a future release
]]></system-err>
  </testcase>
</testsuite>